<?xml version="1.0" encoding="UTF-8"?>
<!-- Generated by org.testng.reporters.JUnitXMLReporter -->
<testsuite hostname="DESKTOP-L1J67QN" ignored="0" name="Default test" tests="2" failures="0" timestamp="01 Nov 2017 03:57:33 GMT" time="36.532" errors="0">
  <testcase name="TS002" time="19.49" classname="com.shearcircle.testscenarios.SubscriberSignup"/>
  <testcase name="visitsJoinOurCirclepage" time="3.017" classname="com.shearcircle.testscenarios.SubscriberSignup"/>
</testsuite> <!-- Default test -->
