<?xml version="1.0" encoding="UTF-8"?>
<!-- Generated by org.testng.reporters.JUnitXMLReporter -->
<testsuite hostname="DESKTOP-L1J67QN" ignored="0" name="Default test" tests="14" failures="0" timestamp="30 Nov 2017 18:31:41 GMT" time="236.847" errors="0">
  <testcase name="TC_4_001_loginButtonClickable" time="14.675" classname="com.shearcircle.testscenarios.TS_004_SubscriberLoginforFirstTime"/>
  <testcase name="TC_4_002_loginUsingInvalidCredentials" time="4.495" classname="com.shearcircle.testscenarios.TS_004_SubscriberLoginforFirstTime"/>
  <testcase name="TC_4_003_loginUsingValidCredentials" time="4.463" classname="com.shearcircle.testscenarios.TS_004_SubscriberLoginforFirstTime"/>
  <testcase name="TC_4_004_loginintoDashboard" time="5.471" classname="com.shearcircle.testscenarios.TS_004_SubscriberLoginforFirstTime"/>
  <testcase name="TC_4_005_signinfromWhatDescribesYouPage" time="10.941" classname="com.shearcircle.testscenarios.TS_004_SubscriberLoginforFirstTime"/>
  <testcase name="TC_4_006_clickonNextStepinWhatDescribesYouPage" time="1.872" classname="com.shearcircle.testscenarios.TS_004_SubscriberLoginforFirstTime"/>
  <testcase name="TC_4_007_clickonNextStepSelectingOtherService" time="5.434" classname="com.shearcircle.testscenarios.TS_004_SubscriberLoginforFirstTime"/>
  <testcase name="TC_4_008_clickonNextStepaddingServiceinOtherService" time="24.42" classname="com.shearcircle.testscenarios.TS_004_SubscriberLoginforFirstTime"/>
  <testcase name="TC_4_009_clickonNextStepaddingService" time="0.003" classname="com.shearcircle.testscenarios.TS_004_SubscriberLoginforFirstTime"/>
  <testcase name="TC_4_010_clickonMyAccountinBusinessDetailspage" time="6.28" classname="com.shearcircle.testscenarios.TS_004_SubscriberLoginforFirstTime"/>
  <testcase name="TC_4_011_ReloginintoBusinessDetailspage" time="102.173" classname="com.shearcircle.testscenarios.TS_004_SubscriberLoginforFirstTime"/>
  <testcase name="TC_4_012_clickonNextStepinBusinessDetailspage" time="4.322" classname="com.shearcircle.testscenarios.TS_004_SubscriberLoginforFirstTime"/>
  <testcase name="TC_4_013_clickonNextStepinBusinessDetailspageEnteringdetails" time="11.491" classname="com.shearcircle.testscenarios.TS_004_SubscriberLoginforFirstTime"/>
  <testcase name="TC_4_014_loginintoDashboarddirectly" time="10.564" classname="com.shearcircle.testscenarios.TS_004_SubscriberLoginforFirstTime"/>
</testsuite> <!-- Default test -->
