<?xml version="1.0" encoding="UTF-8"?>
<testng-results skipped="0" failed="0" ignored="0" total="1" passed="1">
  <reporter-output>
    <line>
      <![CDATA[Row Count2]]>
    </line>
    <line>
      <![CDATA[TestCases, UserName, Password, Address]]>
    </line>
    <line>
      <![CDATA[TC001, TestUser, Testpwd, Hyderabad]]>
    </line>
    <line>
      <![CDATA[TC002, TestUser1, Testpwd1, Chennai]]>
    </line>
  </reporter-output>
  <suite name="Default suite" duration-ms="2108" started-at="2017-10-17T14:18:44Z" finished-at="2017-10-17T14:18:46Z">
    <groups>
    </groups>
    <test name="Default test" duration-ms="2108" started-at="2017-10-17T14:18:44Z" finished-at="2017-10-17T14:18:46Z">
      <class name="util_readExcelData.Executetestdatafile">
        <test-method status="PASS" signature="getdata()[pri:0, instance:util_readExcelData.Executetestdatafile@59f99ea]" name="getdata" duration-ms="2058" started-at="2017-10-17T19:48:44Z" finished-at="2017-10-17T19:48:46Z">
          <reporter-output>
            <line>
              <![CDATA[Row Count2]]>
            </line>
            <line>
              <![CDATA[TestCases, UserName, Password, Address]]>
            </line>
            <line>
              <![CDATA[TC001, TestUser, Testpwd, Hyderabad]]>
            </line>
            <line>
              <![CDATA[TC002, TestUser1, Testpwd1, Chennai]]>
            </line>
          </reporter-output>
        </test-method> <!-- getdata -->
      </class> <!-- util_readExcelData.Executetestdatafile -->
    </test> <!-- Default test -->
  </suite> <!-- Default suite -->
</testng-results>
